Using pre-set license
Built from '2020.2/release' branch; Version is '2020.2.2f1 (068178b99f32) revision 426360'; Using compiler version '192528614'; Build Type 'Release'
OS: 'Windows 10 Home; OS build 19042.804; Version 2009; 64bit' Language: 'en' Physical Memory: 16334 MB
BatchMode: 1, IsHumanControllingUs: 0, StartBugReporterOnCrash: 0, Is64bit: 1, IsPro: 0

 COMMAND LINE ARGUMENTS:
C:\Program Files\Unity\Hub\Editor\2020.2.2f1\Editor\Unity.exe
-adb2
-batchMode
-noUpm
-name
AssetImportWorker0
-projectPath
D:/Unity/GDD211_QUIZ-2/GDD211_QUIZ-2/GDD-211_QUIZ-2
-logFile
Logs/AssetImportWorker0.log
-srvPort
49757
Successfully changed project path to: D:/Unity/GDD211_QUIZ-2/GDD211_QUIZ-2/GDD-211_QUIZ-2
D:/Unity/GDD211_QUIZ-2/GDD211_QUIZ-2/GDD-211_QUIZ-2
Using Asset Import Pipeline V2.
Refreshing native plugins compatible for Editor in 30.66 ms, found 1 plugins.
Preloading 0 native plugins for Editor in 0.00 ms.
Initialize engine version: 2020.2.2f1 (068178b99f32)
[Subsystems] Discovering subsystems at path C:/Program Files/Unity/Hub/Editor/2020.2.2f1/Editor/Data/Resources/UnitySubsystems
[Subsystems] Discovering subsystems at path D:/Unity/GDD211_QUIZ-2/GDD211_QUIZ-2/GDD-211_QUIZ-2/Assets
GfxDevice: creating device client; threaded=0
Direct3D:
    Version:  Direct3D 11.0 [level 11.1]
    Renderer: NVIDIA GeForce RTX 3080 (ID=0x2206)
    Vendor:   
    VRAM:     10077 MB
    Driver:   27.21.14.6140
Initialize mono
Mono path[0] = 'C:/Program Files/Unity/Hub/Editor/2020.2.2f1/Editor/Data/Managed'
Mono path[1] = 'C:/Program Files/Unity/Hub/Editor/2020.2.2f1/Editor/Data/MonoBleedingEdge/lib/mono/unityjit'
Mono config path = 'C:/Program Files/Unity/Hub/Editor/2020.2.2f1/Editor/Data/MonoBleedingEdge/etc'
Using monoOptions --debugger-agent=transport=dt_socket,embedding=1,server=y,suspend=n,address=127.0.0.1:56288
Begin MonoManager ReloadAssembly
Registering precompiled unity dll's ...
Register platform support module: C:/Program Files/Unity/Hub/Editor/2020.2.2f1/Editor/Data/PlaybackEngines/WebGLSupport/UnityEditor.WebGL.Extensions.dll
Register platform support module: C:/Program Files/Unity/Hub/Editor/2020.2.2f1/Editor/Data/PlaybackEngines/WindowsStandaloneSupport/UnityEditor.WindowsStandalone.Extensions.dll
Registered in 0.001794 seconds.
Native extension for WindowsStandalone target not found
Native extension for WebGL target not found
Refreshing native plugins compatible for Editor in 33.44 ms, found 1 plugins.
Preloading 0 native plugins for Editor in 0.00 ms.
Invoked RoslynAnalysisRunner static constructor.
RoslynAnalysisRunner will not be running.
RoslynAnalysisRunner has terminated.
Mono: successfully reloaded assembly
- Completed reload, in  1.376 seconds
Platform modules already initialized, skipping
Registering precompiled user dll's ...
Registered in 0.000733 seconds.
Begin MonoManager ReloadAssembly
Native extension for WindowsStandalone target not found
Native extension for WebGL target not found
Refreshing native plugins compatible for Editor in 31.83 ms, found 1 plugins.
Preloading 0 native plugins for Editor in 0.00 ms.
Invoked RoslynAnalysisRunner static constructor.
RoslynAnalysisRunner will not be running.
RoslynAnalysisRunner has terminated.
Mono: successfully reloaded assembly
- Completed reload, in  0.736 seconds
Platform modules already initialized, skipping
========================================================================
Worker process is ready to serve import requests
Launched and connected shader compiler UnityShaderCompiler.exe after 0.03 seconds
Refreshing native plugins compatible for Editor in 0.33 ms, found 1 plugins.
Preloading 0 native plugins for Editor in 0.00 ms.
Unloading 1792 Unused Serialized files (Serialized files now loaded: 0)
System memory in use before: 84.2 MB.
System memory in use after: 84.1 MB.

Unloading 24 unused Assets to reduce memory usage. Loaded Objects now: 2234.
Total: 1.929200 ms (FindLiveObjects: 0.192300 ms CreateObjectMapping: 0.041000 ms MarkObjects: 1.587600 ms  DeleteObjects: 0.107600 ms)

========================================================================
Received Import Request.
  path: Assets
  artifactKey: Guid(00000000000000001000000000000000) Importer(815301076,1909f56bfc062723c751e8b465ee728b)
Start importing Assets using Guid(00000000000000001000000000000000) Importer(815301076,1909f56bfc062723c751e8b465ee728b)  -> (artifact id: '4a6e520b92ccfc61bcfa21a7bcab8468') in 0.035502 seconds
  Import took 0.038134 seconds .

========================================================================
Received Import Request.
  Time since last request: 3.418000 seconds.
  path: Assets/Input.cs
  artifactKey: Guid(de6809a978eac10488d354e4fd6804d1) Importer(815301076,1909f56bfc062723c751e8b465ee728b)
Start importing Assets/Input.cs using Guid(de6809a978eac10488d354e4fd6804d1) Importer(815301076,1909f56bfc062723c751e8b465ee728b)  -> (artifact id: 'bc07455ef361da478332471212091b7b') in 0.016485 seconds
  Import took 0.019122 seconds .

========================================================================
Received Import Request.
  Time since last request: 19.942785 seconds.
  path: Assets/Input.cs
  artifactKey: Guid(de6809a978eac10488d354e4fd6804d1) Importer(815301076,1909f56bfc062723c751e8b465ee728b)
Start importing Assets/Input.cs using Guid(de6809a978eac10488d354e4fd6804d1) Importer(815301076,1909f56bfc062723c751e8b465ee728b)  -> (artifact id: '0dc625d638e25b3f12456086bc59e711') in 0.002599 seconds
  Import took 0.005255 seconds .

========================================================================
Received Import Request.
  Time since last request: 26.139499 seconds.
  path: Assets/Input.cs
  artifactKey: Guid(de6809a978eac10488d354e4fd6804d1) Importer(815301076,1909f56bfc062723c751e8b465ee728b)
Start importing Assets/Input.cs using Guid(de6809a978eac10488d354e4fd6804d1) Importer(815301076,1909f56bfc062723c751e8b465ee728b)  -> (artifact id: 'b62aad841ec6048eca6bef7144c4d3ac') in 0.002676 seconds
  Import took 0.005467 seconds .

========================================================================
Received Import Request.
  Time since last request: 9.219998 seconds.
  path: Assets/Input.cs
  artifactKey: Guid(de6809a978eac10488d354e4fd6804d1) Importer(815301076,1909f56bfc062723c751e8b465ee728b)
Start importing Assets/Input.cs using Guid(de6809a978eac10488d354e4fd6804d1) Importer(815301076,1909f56bfc062723c751e8b465ee728b)  -> (artifact id: '170e88ec563631c055f7aaf5181e5c38') in 0.006221 seconds
  Import took 0.008715 seconds .

========================================================================
Received Import Request.
  Time since last request: 46.590455 seconds.
  path: Assets/Input.cs
  artifactKey: Guid(de6809a978eac10488d354e4fd6804d1) Importer(815301076,1909f56bfc062723c751e8b465ee728b)
Start importing Assets/Input.cs using Guid(de6809a978eac10488d354e4fd6804d1) Importer(815301076,1909f56bfc062723c751e8b465ee728b)  -> (artifact id: 'f3acea2fbfc2b7efb4bfcb4646277f11') in 0.002741 seconds
  Import took 0.005348 seconds .

========================================================================
Received Import Request.
  Time since last request: 0.000665 seconds.
  path: Assets/Input.cs
  artifactKey: Guid(de6809a978eac10488d354e4fd6804d1) Importer(815301076,1909f56bfc062723c751e8b465ee728b)
Start importing Assets/Input.cs using Guid(de6809a978eac10488d354e4fd6804d1) Importer(815301076,1909f56bfc062723c751e8b465ee728b)  -> (artifact id: 'f3acea2fbfc2b7efb4bfcb4646277f11') in 0.002588 seconds
  Import took 0.004833 seconds .

========================================================================
Received Import Request.
  Time since last request: 41.134094 seconds.
  path: Assets/Input.cs
  artifactKey: Guid(de6809a978eac10488d354e4fd6804d1) Importer(815301076,1909f56bfc062723c751e8b465ee728b)
Start importing Assets/Input.cs using Guid(de6809a978eac10488d354e4fd6804d1) Importer(815301076,1909f56bfc062723c751e8b465ee728b)  -> (artifact id: '47af0ff12c50181ffc5d0d8843c6e899') in 0.107984 seconds
  Import took 0.110456 seconds .

========================================================================
Received Import Request.
  Time since last request: 7.973510 seconds.
  path: Assets/Input.cs
  artifactKey: Guid(de6809a978eac10488d354e4fd6804d1) Importer(815301076,1909f56bfc062723c751e8b465ee728b)
Start importing Assets/Input.cs using Guid(de6809a978eac10488d354e4fd6804d1) Importer(815301076,1909f56bfc062723c751e8b465ee728b)  -> (artifact id: 'ab674d0016c0c228bb2de9d2fbefc006') in 0.002640 seconds
  Import took 0.005284 seconds .

========================================================================
Received Import Request.
  Time since last request: 4.292253 seconds.
  path: Assets/Input.cs
  artifactKey: Guid(de6809a978eac10488d354e4fd6804d1) Importer(815301076,1909f56bfc062723c751e8b465ee728b)
Start importing Assets/Input.cs using Guid(de6809a978eac10488d354e4fd6804d1) Importer(815301076,1909f56bfc062723c751e8b465ee728b)  -> (artifact id: 'f908c0fcbcbed559a4ac52efa7e8cde7') in 0.067395 seconds
  Import took 0.069921 seconds .

========================================================================
Received Import Request.
  Time since last request: 17.183791 seconds.
  path: Assets/Input.cs
  artifactKey: Guid(de6809a978eac10488d354e4fd6804d1) Importer(815301076,1909f56bfc062723c751e8b465ee728b)
Start importing Assets/Input.cs using Guid(de6809a978eac10488d354e4fd6804d1) Importer(815301076,1909f56bfc062723c751e8b465ee728b)  -> (artifact id: '821ace458c6a0ad81401957681de4926') in 0.032945 seconds
  Import took 0.035505 seconds .

========================================================================
Received Import Request.
  Time since last request: 41.697307 seconds.
  path: Assets/Input.cs
  artifactKey: Guid(de6809a978eac10488d354e4fd6804d1) Importer(815301076,1909f56bfc062723c751e8b465ee728b)
Start importing Assets/Input.cs using Guid(de6809a978eac10488d354e4fd6804d1) Importer(815301076,1909f56bfc062723c751e8b465ee728b)  -> (artifact id: 'a58de0c67fc2b433c803ec7111bc2efe') in 0.002661 seconds
  Import took 0.005348 seconds .

========================================================================
Received Import Request.
  Time since last request: 7.259161 seconds.
  path: Assets/Input.cs
  artifactKey: Guid(de6809a978eac10488d354e4fd6804d1) Importer(815301076,1909f56bfc062723c751e8b465ee728b)
Start importing Assets/Input.cs using Guid(de6809a978eac10488d354e4fd6804d1) Importer(815301076,1909f56bfc062723c751e8b465ee728b)  -> (artifact id: '5721e3848fa9a8176f3a3a6c823444de') in 0.055733 seconds
  Import took 0.058854 seconds .

========================================================================
Received Prepare
Registering precompiled user dll's ...
Registered in 0.000784 seconds.
Begin MonoManager ReloadAssembly
Native extension for WindowsStandalone target not found
Native extension for WebGL target not found
Refreshing native plugins compatible for Editor in 0.35 ms, found 1 plugins.
Preloading 0 native plugins for Editor in 0.00 ms.
Invoked RoslynAnalysisRunner static constructor.
RoslynAnalysisRunner will not be running.
RoslynAnalysisRunner has terminated.
Mono: successfully reloaded assembly
- Completed reload, in  0.702 seconds
Platform modules already initialized, skipping
Refreshing native plugins compatible for Editor in 0.47 ms, found 1 plugins.
Preloading 0 native plugins for Editor in 0.00 ms.
Unloading 1788 Unused Serialized files (Serialized files now loaded: 0)
System memory in use before: 84.2 MB.
System memory in use after: 84.2 MB.

Unloading 12 unused Assets to reduce memory usage. Loaded Objects now: 2238.
Total: 1.856900 ms (FindLiveObjects: 0.248300 ms CreateObjectMapping: 0.040100 ms MarkObjects: 1.461800 ms  DeleteObjects: 0.105600 ms)

========================================================================
Received Import Request.
  Time since last request: 131.882954 seconds.
  path: Assets/Scenes
  artifactKey: Guid(05df41db8352f4e458341611cd6e8f8e) Importer(815301076,1909f56bfc062723c751e8b465ee728b)
Start importing Assets/Scenes using Guid(05df41db8352f4e458341611cd6e8f8e) Importer(815301076,1909f56bfc062723c751e8b465ee728b)  -> (artifact id: '74f3b07a65bd1b9981afbce5bd33948d') in 0.009047 seconds
  Import took 0.011662 seconds .

========================================================================
Received Import Request.
  Time since last request: 8.463131 seconds.
  path: Assets/Scenes/Game.unity
  artifactKey: Guid(688ad5e76b11c35448577d846f9df463) Importer(815301076,1909f56bfc062723c751e8b465ee728b)
Start importing Assets/Scenes/Game.unity using Guid(688ad5e76b11c35448577d846f9df463) Importer(815301076,1909f56bfc062723c751e8b465ee728b)  -> (artifact id: 'f24858adf4b8a42d1a4402e73297dc1d') in 0.012197 seconds
  Import took 0.014803 seconds .

